# Logfile created on 2014-02-01 23:45:42 -0500 by logger.rb/31641
I, [2014-02-01T23:45:42.419657 #232475]  INFO -- : 0:  rake (10.1.1) from /usr/libexec/openshift/cartridges/c9-0.1/root/lib/ruby/gems/specifications/rake-10.1.1.gemspec
I, [2014-02-01T23:45:42.432298 #232475]  INFO -- : 0:  i18n (0.6.9) from /usr/libexec/openshift/cartridges/c9-0.1/root/lib/ruby/gems/specifications/i18n-0.6.9.gemspec
I, [2014-02-01T23:45:42.447355 #232475]  INFO -- : 0:  minitest (4.7.5) from /usr/libexec/openshift/cartridges/c9-0.1/root/lib/ruby/gems/specifications/minitest-4.7.5.gemspec
I, [2014-02-01T23:45:42.450826 #232475]  INFO -- : 0:  multi_json (1.8.4) from /usr/libexec/openshift/cartridges/c9-0.1/root/lib/ruby/gems/specifications/multi_json-1.8.4.gemspec
I, [2014-02-01T23:45:42.455825 #232475]  INFO -- : 0:  atomic (1.1.14) from /usr/libexec/openshift/cartridges/c9-0.1/root/lib/ruby/gems/specifications/atomic-1.1.14.gemspec
I, [2014-02-01T23:45:42.457916 #232475]  INFO -- : 0:  thread_safe (0.1.3) from /usr/libexec/openshift/cartridges/c9-0.1/root/lib/ruby/gems/specifications/thread_safe-0.1.3.gemspec
I, [2014-02-01T23:45:42.467381 #232475]  INFO -- : 0:  tzinfo (0.3.38) from /usr/libexec/openshift/cartridges/c9-0.1/root/lib/ruby/gems/specifications/tzinfo-0.3.38.gemspec
I, [2014-02-01T23:45:42.470478 #232475]  INFO -- : 0:  activesupport (4.0.2) from /var/lib/stickshift/52dd36fc4382ecc55600001c/app-root/data/lib/ruby/gems/specifications/activesupport-4.0.2.gemspec
I, [2014-02-01T23:45:42.477802 #232475]  INFO -- : 0:  builder (3.1.4) from /usr/libexec/openshift/cartridges/c9-0.1/root/lib/ruby/gems/specifications/builder-3.1.4.gemspec
I, [2014-02-01T23:45:42.486283 #232475]  INFO -- : 0:  erubis (2.7.0) from /usr/libexec/openshift/cartridges/c9-0.1/root/lib/ruby/gems/specifications/erubis-2.7.0.gemspec
I, [2014-02-01T23:45:42.488674 #232475]  INFO -- : 0:  rack (1.5.2) from /usr/libexec/openshift/cartridges/c9-0.1/root/lib/ruby/gems/specifications/rack-1.5.2.gemspec
I, [2014-02-01T23:45:42.494125 #232475]  INFO -- : 0:  rack-test (0.6.2) from /usr/libexec/openshift/cartridges/c9-0.1/root/lib/ruby/gems/specifications/rack-test-0.6.2.gemspec
I, [2014-02-01T23:45:42.501504 #232475]  INFO -- : 0:  actionpack (4.0.2) from /var/lib/stickshift/52dd36fc4382ecc55600001c/app-root/data/lib/ruby/gems/specifications/actionpack-4.0.2.gemspec
I, [2014-02-01T23:45:42.505968 #232475]  INFO -- : 0:  mime-types (1.25.1) from /usr/libexec/openshift/cartridges/c9-0.1/root/lib/ruby/gems/specifications/mime-types-1.25.1.gemspec
I, [2014-02-01T23:45:42.509328 #232475]  INFO -- : 0:  polyglot (0.3.3) from /usr/libexec/openshift/cartridges/c9-0.1/root/lib/ruby/gems/specifications/polyglot-0.3.3.gemspec
I, [2014-02-01T23:45:42.516196 #232475]  INFO -- : 0:  treetop (1.4.15) from /usr/libexec/openshift/cartridges/c9-0.1/root/lib/ruby/gems/specifications/treetop-1.4.15.gemspec
I, [2014-02-01T23:45:42.520779 #232475]  INFO -- : 0:  mail (2.5.4) from /usr/libexec/openshift/cartridges/c9-0.1/root/lib/ruby/gems/specifications/mail-2.5.4.gemspec
I, [2014-02-01T23:45:42.528355 #232475]  INFO -- : 0:  actionmailer (4.0.2) from /var/lib/stickshift/52dd36fc4382ecc55600001c/app-root/data/lib/ruby/gems/specifications/actionmailer-4.0.2.gemspec
I, [2014-02-01T23:45:42.534491 #232475]  INFO -- : 0:  activemodel (4.0.2) from /var/lib/stickshift/52dd36fc4382ecc55600001c/app-root/data/lib/ruby/gems/specifications/activemodel-4.0.2.gemspec
I, [2014-02-01T23:45:42.536980 #232475]  INFO -- : 0:  activerecord-deprecated_finders (1.0.3) from /usr/libexec/openshift/cartridges/c9-0.1/root/lib/ruby/gems/specifications/activerecord-deprecated_finders-1.0.3.gemspec
I, [2014-02-01T23:45:42.543452 #232475]  INFO -- : 0:  arel (4.0.1) from /usr/libexec/openshift/cartridges/c9-0.1/root/lib/ruby/gems/specifications/arel-4.0.1.gemspec
I, [2014-02-01T23:45:42.544376 #232475]  INFO -- : 0:  activerecord (4.0.2) from /var/lib/stickshift/52dd36fc4382ecc55600001c/app-root/data/lib/ruby/gems/specifications/activerecord-4.0.2.gemspec
I, [2014-02-01T23:45:42.546592 #232475]  INFO -- : 0:  bcrypt-ruby (3.1.2) from /var/lib/stickshift/52dd36fc4382ecc55600001c/app-root/data/lib/ruby/gems/specifications/bcrypt-ruby-3.1.2.gemspec
I, [2014-02-01T23:45:42.547346 #232475]  INFO -- : 0:  sass (3.2.14) from /var/lib/stickshift/52dd36fc4382ecc55600001c/app-root/data/lib/ruby/gems/specifications/sass-3.2.14.gemspec
I, [2014-02-01T23:45:42.555211 #232475]  INFO -- : 0:  bootstrap-sass (3.0.3.0) from /var/lib/stickshift/52dd36fc4382ecc55600001c/app-root/data/lib/ruby/gems/specifications/bootstrap-sass-3.0.3.0.gemspec
I, [2014-02-01T23:45:42.556063 #232475]  INFO -- : 0:  climate_control (0.0.3) from /var/lib/stickshift/52dd36fc4382ecc55600001c/app-root/data/lib/ruby/gems/specifications/climate_control-0.0.3.gemspec
I, [2014-02-01T23:45:42.556921 #232475]  INFO -- : 0:  cocaine (0.5.3) from /var/lib/stickshift/52dd36fc4382ecc55600001c/app-root/data/lib/ruby/gems/specifications/cocaine-0.5.3.gemspec
I, [2014-02-01T23:45:42.557812 #232475]  INFO -- : 0:  coffee-script-source (1.6.3) from /usr/libexec/openshift/cartridges/c9-0.1/root/lib/ruby/gems/specifications/coffee-script-source-1.6.3.gemspec
I, [2014-02-01T23:45:42.565707 #232475]  INFO -- : 0:  execjs (2.0.2) from /usr/libexec/openshift/cartridges/c9-0.1/root/lib/ruby/gems/specifications/execjs-2.0.2.gemspec
I, [2014-02-01T23:45:42.577507 #232475]  INFO -- : 0:  coffee-script (2.2.0) from /usr/libexec/openshift/cartridges/c9-0.1/root/lib/ruby/gems/specifications/coffee-script-2.2.0.gemspec
I, [2014-02-01T23:45:42.583266 #232475]  INFO -- : 0:  thor (0.18.1) from /usr/libexec/openshift/cartridges/c9-0.1/root/lib/ruby/gems/specifications/thor-0.18.1.gemspec
I, [2014-02-01T23:45:42.588106 #232475]  INFO -- : 0:  railties (4.0.2) from /var/lib/stickshift/52dd36fc4382ecc55600001c/app-root/data/lib/ruby/gems/specifications/railties-4.0.2.gemspec
I, [2014-02-01T23:45:42.602736 #232475]  INFO -- : 0:  coffee-rails (4.0.1) from /usr/libexec/openshift/cartridges/c9-0.1/root/lib/ruby/gems/specifications/coffee-rails-4.0.1.gemspec
I, [2014-02-01T23:45:42.612212 #232475]  INFO -- : 0:  orm_adapter (0.5.0) from /var/lib/stickshift/52dd36fc4382ecc55600001c/app-root/data/lib/ruby/gems/specifications/orm_adapter-0.5.0.gemspec
I, [2014-02-01T23:45:42.620088 #232475]  INFO -- : 0:  warden (1.2.3) from /var/lib/stickshift/52dd36fc4382ecc55600001c/app-root/data/lib/ruby/gems/specifications/warden-1.2.3.gemspec
I, [2014-02-01T23:45:42.627392 #232475]  INFO -- : 0:  devise (3.2.2) from /var/lib/stickshift/52dd36fc4382ecc55600001c/app-root/data/lib/ruby/gems/specifications/devise-3.2.2.gemspec
I, [2014-02-01T23:45:42.636755 #232475]  INFO -- : 0:  hike (1.2.3) from /usr/libexec/openshift/cartridges/c9-0.1/root/lib/ruby/gems/specifications/hike-1.2.3.gemspec
I, [2014-02-01T23:45:42.646250 #232475]  INFO -- : 0:  jbuilder (1.5.3) from /usr/libexec/openshift/cartridges/c9-0.1/root/lib/ruby/gems/specifications/jbuilder-1.5.3.gemspec
I, [2014-02-01T23:45:42.650573 #232475]  INFO -- : 0:  jquery-rails (3.0.4) from /usr/libexec/openshift/cartridges/c9-0.1/root/lib/ruby/gems/specifications/jquery-rails-3.0.4.gemspec
I, [2014-02-01T23:45:42.652868 #232475]  INFO -- : 0:  json (1.8.1) from /usr/libexec/openshift/cartridges/c9-0.1/root/lib/ruby/gems/specifications/json-1.8.1.gemspec
I, [2014-02-01T23:45:42.659129 #232475]  INFO -- : 0:  paperclip (3.5.3) from /var/lib/stickshift/52dd36fc4382ecc55600001c/app-root/data/lib/ruby/gems/specifications/paperclip-3.5.3.gemspec
I, [2014-02-01T23:45:42.667783 #232475]  INFO -- : 0:  pg (0.17.1) from /var/lib/stickshift/52dd36fc4382ecc55600001c/app-root/data/lib/ruby/gems/specifications/pg-0.17.1.gemspec
I, [2014-02-01T23:45:42.672702 #232475]  INFO -- : 0:  protected_attributes (1.0.5) from /var/lib/stickshift/52dd36fc4382ecc55600001c/app-root/data/lib/ruby/gems/specifications/protected_attributes-1.0.5.gemspec
I, [2014-02-01T23:45:42.679118 #232475]  INFO -- : 0:  bundler (1.5.1) from /usr/libexec/openshift/cartridges/c9-0.1/root/lib/ruby/gems/specifications/bundler-1.5.1.gemspec
I, [2014-02-01T23:45:42.685187 #232475]  INFO -- : 0:  tilt (1.4.1) from /usr/libexec/openshift/cartridges/c9-0.1/root/lib/ruby/gems/specifications/tilt-1.4.1.gemspec
I, [2014-02-01T23:45:42.688974 #232475]  INFO -- : 0:  sprockets (2.10.1) from /usr/libexec/openshift/cartridges/c9-0.1/root/lib/ruby/gems/specifications/sprockets-2.10.1.gemspec
I, [2014-02-01T23:45:42.692934 #232475]  INFO -- : 0:  sprockets-rails (2.0.1) from /usr/libexec/openshift/cartridges/c9-0.1/root/lib/ruby/gems/specifications/sprockets-rails-2.0.1.gemspec
I, [2014-02-01T23:45:42.700867 #232475]  INFO -- : 0:  rails (4.0.2) from /var/lib/stickshift/52dd36fc4382ecc55600001c/app-root/data/lib/ruby/gems/specifications/rails-4.0.2.gemspec
I, [2014-02-01T23:45:42.704143 #232475]  INFO -- : 0:  rails_serve_static_assets (0.0.2) from /var/lib/stickshift/52dd36fc4382ecc55600001c/app-root/data/lib/ruby/gems/specifications/rails_serve_static_assets-0.0.2.gemspec
I, [2014-02-01T23:45:42.708122 #232475]  INFO -- : 0:  rails_stdout_logging (0.0.3) from /var/lib/stickshift/52dd36fc4382ecc55600001c/app-root/data/lib/ruby/gems/specifications/rails_stdout_logging-0.0.3.gemspec
I, [2014-02-01T23:45:42.718931 #232475]  INFO -- : 0:  rails_12factor (0.0.2) from /var/lib/stickshift/52dd36fc4382ecc55600001c/app-root/data/lib/ruby/gems/specifications/rails_12factor-0.0.2.gemspec
I, [2014-02-01T23:45:42.720960 #232475]  INFO -- : 0:  rails_layout (1.0.5) from /var/lib/stickshift/52dd36fc4382ecc55600001c/app-root/data/lib/ruby/gems/specifications/rails_layout-1.0.5.gemspec
I, [2014-02-01T23:45:42.728612 #232475]  INFO -- : 0:  rdoc (4.1.1) from /usr/libexec/openshift/cartridges/c9-0.1/root/lib/ruby/gems/specifications/rdoc-4.1.1.gemspec
I, [2014-02-01T23:45:42.732488 #232475]  INFO -- : 0:  sass-rails (4.0.1) from /usr/libexec/openshift/cartridges/c9-0.1/root/lib/ruby/gems/specifications/sass-rails-4.0.1.gemspec
I, [2014-02-01T23:45:42.733226 #232475]  INFO -- : 0:  sdoc (0.4.0) from /usr/libexec/openshift/cartridges/c9-0.1/root/lib/ruby/gems/specifications/sdoc-0.4.0.gemspec
I, [2014-02-01T23:45:42.749945 #232475]  INFO -- : 0:  sqlite3 (1.3.8) from /usr/libexec/openshift/cartridges/c9-0.1/root/lib/ruby/gems/specifications/sqlite3-1.3.8.gemspec
I, [2014-02-01T23:45:42.755867 #232475]  INFO -- : 0:  turbolinks (2.2.0) from /usr/libexec/openshift/cartridges/c9-0.1/root/lib/ruby/gems/specifications/turbolinks-2.2.0.gemspec
I, [2014-02-01T23:45:42.759138 #232475]  INFO -- : 0:  uglifier (2.4.0) from /usr/libexec/openshift/cartridges/c9-0.1/root/lib/ruby/gems/specifications/uglifier-2.4.0.gemspec
